<?xml version="1.0" encoding="UTF-8"?>
<robot generator="Robot 7.1 (Python 3.11.0 on win32)" generated="2024-10-11T19:30:51.755545" rpa="false" schemaversion="5">
<suite id="s1" name="TC1" source="D:\fpt\project_vothanhhau\python-robot-framework\python-robot-fw\TestCases\TC1.robot">
<test id="s1-t1" name="JOIN MEETING ROOM WITH USER A" line="9">
<kw name="Join Meeting Room With User A" owner="MeetingRoomAPO">
<kw name="Open Browser And Navigate To Page [Arguments] ${USER_NAME_A}" owner="CommonPO" source_name="Open Browser And Navigate To Page [Arguments] ${user_name}">
<kw name="Run Keyword If" owner="BuiltIn">
<kw name="Open Chrome With Fake Media" owner="CommonPO">
<kw name="Evaluate" owner="BuiltIn">
<msg time="2024-10-11T19:30:52.075145" level="INFO">${options} = &lt;selenium.webdriver.chrome.options.Options object at 0x0000023BA8075610&gt;</msg>
<var>${options}</var>
<arg>selenium.webdriver.chrome.options.Options()</arg>
<arg>selenium.webdriver.chrome</arg>
<doc>Evaluates the given expression in Python and returns the result.</doc>
<status status="PASS" start="2024-10-11T19:30:52.075145" elapsed="0.000000"/>
</kw>
<kw name="Call Method" owner="BuiltIn">
<arg>${options}</arg>
<arg>add_argument</arg>
<arg>--use-fake-ui-for-media-stream</arg>
<doc>Calls the named method of the given object with the provided arguments.</doc>
<status status="PASS" start="2024-10-11T19:30:52.075145" elapsed="0.000000"/>
</kw>
<kw name="Call Method" owner="BuiltIn">
<arg>${options}</arg>
<arg>add_argument</arg>
<arg>--use-fake-device-for-media-stream</arg>
<doc>Calls the named method of the given object with the provided arguments.</doc>
<status status="PASS" start="2024-10-11T19:30:52.075145" elapsed="0.000000"/>
</kw>
<kw name="Create Webdriver" owner="SeleniumLibrary">
<msg time="2024-10-11T19:30:52.075145" level="INFO">Creating an instance of the Chrome WebDriver.</msg>
<arg>Chrome</arg>
<arg>options=${options}</arg>
<doc>Creates an instance of Selenium WebDriver.</doc>
<status status="PASS" start="2024-10-11T19:30:52.075145" elapsed="1.624553"/>
</kw>
<kw name="Go To" owner="SeleniumLibrary">
<msg time="2024-10-11T19:30:53.699698" level="INFO">Opening url 'https://team.vsee.me/u/robin4'</msg>
<arg>${URL}</arg>
<doc>Navigates the current browser window to the provided ``url``.</doc>
<status status="PASS" start="2024-10-11T19:30:53.699698" elapsed="0.974825"/>
</kw>
<status status="PASS" start="2024-10-11T19:30:52.075145" elapsed="2.599378"/>
</kw>
<arg>'${user_name}' == '${USER_NAME_A}'</arg>
<arg>Open Chrome With Fake Media</arg>
<doc>Runs the given keyword with the given arguments, if ``condition`` is true.</doc>
<status status="PASS" start="2024-10-11T19:30:52.075145" elapsed="2.599378"/>
</kw>
<kw name="Run Keyword If" owner="BuiltIn">
<arg>'${user_name}' == '${USER_NAME_B}'</arg>
<arg>Open Edge With Fake Media</arg>
<doc>Runs the given keyword with the given arguments, if ``condition`` is true.</doc>
<status status="PASS" start="2024-10-11T19:30:54.675728" elapsed="0.000000"/>
</kw>
<doc>Opens a browser and navigates to a specified URL based on the user name.</doc>
<status status="PASS" start="2024-10-11T19:30:52.075145" elapsed="2.600583"/>
</kw>
<kw name="Input Text [Arguments] ${FIRST_NAME_INPUT} ${USER_NAME_A}" owner="CommonPO" source_name="Input Text [Arguments] ${element} ${value}">
<kw name="Input Text" owner="SeleniumLibrary">
<msg time="2024-10-11T19:30:54.678782" level="INFO">Typing text 'User A' into text field 'name=first_name'.</msg>
<msg time="2024-10-11T19:30:55.604627" level="INFO" html="true">&lt;/td&gt;&lt;/tr&gt;&lt;tr&gt;&lt;td colspan="3"&gt;&lt;a href="selenium-screenshot-1.png"&gt;&lt;img src="selenium-screenshot-1.png" width="800px"&gt;&lt;/a&gt;</msg>
<msg time="2024-10-11T19:30:55.604627" level="FAIL">Element with locator 'name=first_name' not found.</msg>
<arg>${element}</arg>
<arg>${value}</arg>
<doc>Types the given ``text`` into the text field identified by ``locator``.</doc>
<status status="FAIL" start="2024-10-11T19:30:54.677781" elapsed="0.995758">Element with locator 'name=first_name' not found.</status>
</kw>
<status status="FAIL" start="2024-10-11T19:30:54.676770" elapsed="0.996769">Element with locator 'name=first_name' not found.</status>
</kw>
<kw name="Select Checkbox [Arguments] ${CHECKBOX_ID}" owner="CommonPO" source_name="Select Checkbox [Arguments] ${element}">
<status status="NOT RUN" start="2024-10-11T19:30:55.673539" elapsed="0.000000"/>
</kw>
<kw name="Click Element [Arguments] ${BUTTON_ENTER_LOCATOR}" owner="CommonPO" source_name="Click Element [Arguments] ${element}">
<status status="NOT RUN" start="2024-10-11T19:30:55.673539" elapsed="0.000000"/>
</kw>
<kw name="Sleep" owner="BuiltIn">
<arg>30s</arg>
<doc>Pauses the test executed for the given time.</doc>
<status status="NOT RUN" start="2024-10-11T19:30:55.673539" elapsed="0.000000"/>
</kw>
<kw name="Element Should Be Visible [Arguments] ${TOGGLE_LABEL} 90" owner="CommonPO" source_name="Element Should Be Visible [Arguments] ${locator} ${timeout}">
<status status="NOT RUN" start="2024-10-11T19:30:55.674584" elapsed="0.000000"/>
</kw>
<kw name="Get Text From Element [Arguments] ${TOGGLE_LABEL}" owner="CommonPO" source_name="Get Text From Element [Arguments] ${locator}">
<var>${actual_text}</var>
<status status="NOT RUN" start="2024-10-11T19:30:55.674584" elapsed="0.000000"/>
</kw>
<kw name="Verify Message [Arguments] ${actual_text} ${EXPECTED_TOGGLE_TEXT}" owner="CommonPO" source_name="Verify Message [Arguments] ${actual_text} ${expect_text}">
<status status="NOT RUN" start="2024-10-11T19:30:55.674584" elapsed="0.000000"/>
</kw>
<status status="FAIL" start="2024-10-11T19:30:52.075145" elapsed="3.599439">Element with locator 'name=first_name' not found.</status>
</kw>
<status status="FAIL" start="2024-10-11T19:30:52.074160" elapsed="3.600424">Element with locator 'name=first_name' not found.</status>
</test>
<test id="s1-t2" name="JOIN MEETING ROOM WITH USER B" line="12">
<kw name="Join Meeting Room With User B" owner="MeetingRoomBPO">
<kw name="Open Browser And Navigate To Page [Arguments] ${USER_NAME_B}" owner="CommonPO" source_name="Open Browser And Navigate To Page [Arguments] ${user_name}">
<kw name="Run Keyword If" owner="BuiltIn">
<arg>'${user_name}' == '${USER_NAME_A}'</arg>
<arg>Open Chrome With Fake Media</arg>
<doc>Runs the given keyword with the given arguments, if ``condition`` is true.</doc>
<status status="PASS" start="2024-10-11T19:30:55.674584" elapsed="0.000000"/>
</kw>
<kw name="Run Keyword If" owner="BuiltIn">
<kw name="Open Edge With Fake Media" owner="CommonPO">
<kw name="Evaluate" owner="BuiltIn">
<msg time="2024-10-11T19:30:55.674584" level="INFO">${options} = &lt;selenium.webdriver.edge.options.Options object at 0x0000023BA80D3E50&gt;</msg>
<var>${options}</var>
<arg>selenium.webdriver.edge.options.Options()</arg>
<arg>selenium.webdriver.edge</arg>
<doc>Evaluates the given expression in Python and returns the result.</doc>
<status status="PASS" start="2024-10-11T19:30:55.674584" elapsed="0.000000"/>
</kw>
<kw name="Call Method" owner="BuiltIn">
<arg>${options}</arg>
<arg>add_argument</arg>
<arg>--use-fake-ui-for-media-stream</arg>
<doc>Calls the named method of the given object with the provided arguments.</doc>
<status status="PASS" start="2024-10-11T19:30:55.674584" elapsed="0.000000"/>
</kw>
<kw name="Call Method" owner="BuiltIn">
<arg>${options}</arg>
<arg>add_argument</arg>
<arg>--use-fake-device-for-media-stream</arg>
<doc>Calls the named method of the given object with the provided arguments.</doc>
<status status="PASS" start="2024-10-11T19:30:55.674584" elapsed="0.000000"/>
</kw>
<kw name="Create Webdriver" owner="SeleniumLibrary">
<msg time="2024-10-11T19:30:55.674584" level="INFO">Creating an instance of the Edge WebDriver.</msg>
<msg time="2024-10-11T19:30:55.684770" level="INFO">Applicable driver not found; attempting to install with Selenium Manager (Beta)</msg>
<arg>Edge</arg>
<arg>options=${options}</arg>
<doc>Creates an instance of Selenium WebDriver.</doc>
<status status="PASS" start="2024-10-11T19:30:55.674584" elapsed="1.829780"/>
</kw>
<kw name="Go To" owner="SeleniumLibrary">
<msg time="2024-10-11T19:30:57.504364" level="INFO">Opening url 'https://team.vsee.me/u/robin4'</msg>
<arg>${URL}</arg>
<doc>Navigates the current browser window to the provided ``url``.</doc>
<status status="PASS" start="2024-10-11T19:30:57.504364" elapsed="1.268948"/>
</kw>
<status status="PASS" start="2024-10-11T19:30:55.674584" elapsed="3.099754"/>
</kw>
<arg>'${user_name}' == '${USER_NAME_B}'</arg>
<arg>Open Edge With Fake Media</arg>
<doc>Runs the given keyword with the given arguments, if ``condition`` is true.</doc>
<status status="PASS" start="2024-10-11T19:30:55.674584" elapsed="3.100241"/>
</kw>
<doc>Opens a browser and navigates to a specified URL based on the user name.</doc>
<status status="PASS" start="2024-10-11T19:30:55.674584" elapsed="3.100241"/>
</kw>
<kw name="Click Link [Arguments] ${FOR_PROVIDER_ELEMENT}" owner="CommonPO" source_name="Click Link [Arguments] ${locator}">
<kw name="Click Link" owner="SeleniumLibrary">
<msg time="2024-10-11T19:30:58.774825" level="INFO">Clicking link 'xpath=//a[text()="For Providers"]'.</msg>
<arg>${locator}</arg>
<doc>Clicks a link identified by ``locator``.</doc>
<status status="PASS" start="2024-10-11T19:30:58.774825" elapsed="1.045858"/>
</kw>
<status status="PASS" start="2024-10-11T19:30:58.774825" elapsed="1.045858"/>
</kw>
<kw name="Element Should Be Enable [Arguments] ${EMAIL_INPUT}" owner="CommonPO" source_name="Element Should Be Enable [Arguments] ${locator}">
<kw name="Wait Until Element Is Enabled" owner="SeleniumLibrary">
<arg>${locator}</arg>
<doc>Waits until the element ``locator`` is enabled.</doc>
<status status="PASS" start="2024-10-11T19:30:59.821699" elapsed="0.118931"/>
</kw>
<status status="PASS" start="2024-10-11T19:30:59.820683" elapsed="0.119947"/>
</kw>
<kw name="Input Text [Arguments] ${EMAIL_INPUT} ${USERNAME}" owner="CommonPO" source_name="Input Text [Arguments] ${element} ${value}">
<kw name="Input Text" owner="SeleniumLibrary">
<msg time="2024-10-11T19:30:59.940630" level="INFO">Typing text 'monluoian@gmail.com' into text field 'xpath=//input[@placeholder='Email']'.</msg>
<arg>${element}</arg>
<arg>${value}</arg>
<doc>Types the given ``text`` into the text field identified by ``locator``.</doc>
<status status="PASS" start="2024-10-11T19:30:59.940630" elapsed="0.214907"/>
</kw>
<status status="PASS" start="2024-10-11T19:30:59.940630" elapsed="0.215274"/>
</kw>
<kw name="Input Text [Arguments] ${PASSWORD_INPUT} ${PASSWORD}" owner="CommonPO" source_name="Input Text [Arguments] ${element} ${value}">
<kw name="Input Text" owner="SeleniumLibrary">
<msg time="2024-10-11T19:31:00.156984" level="INFO">Typing text 'devLab08@123' into text field 'xpath=//input[@placeholder='Password']'.</msg>
<arg>${element}</arg>
<arg>${value}</arg>
<doc>Types the given ``text`` into the text field identified by ``locator``.</doc>
<status status="PASS" start="2024-10-11T19:31:00.155904" elapsed="0.199924"/>
</kw>
<status status="PASS" start="2024-10-11T19:31:00.155904" elapsed="0.201056"/>
</kw>
<kw name="Click Element [Arguments] ${BUTTON_SIGN_IN_ID}" owner="CommonPO" source_name="Click Element [Arguments] ${element}">
<kw name="Click Element" owner="SeleniumLibrary">
<msg time="2024-10-11T19:31:00.358061" level="INFO">Clicking element 'id=btnSignIn'.</msg>
<arg>${element}</arg>
<doc>Click the element identified by ``locator``.</doc>
<status status="PASS" start="2024-10-11T19:31:00.356960" elapsed="0.134610"/>
</kw>
<status status="PASS" start="2024-10-11T19:31:00.356960" elapsed="0.135687"/>
</kw>
<kw name="Element Should Be Enable [Arguments] ${CALL_ELEMENT}" owner="CommonPO" source_name="Element Should Be Enable [Arguments] ${locator}">
<kw name="Wait Until Element Is Enabled" owner="SeleniumLibrary">
<arg>${locator}</arg>
<doc>Waits until the element ``locator`` is enabled.</doc>
<status status="PASS" start="2024-10-11T19:31:00.495511" elapsed="4.518870"/>
</kw>
<status status="PASS" start="2024-10-11T19:31:00.494495" elapsed="4.520897"/>
</kw>
<kw name="Click Element [Arguments] ${CALL_ELEMENT}" owner="CommonPO" source_name="Click Element [Arguments] ${element}">
<kw name="Click Element" owner="SeleniumLibrary">
<msg time="2024-10-11T19:31:05.017880" level="INFO">Clicking element 'xpath=(//a[@title='Call'])[1]'.</msg>
<arg>${element}</arg>
<doc>Click the element identified by ``locator``.</doc>
<status status="PASS" start="2024-10-11T19:31:05.016867" elapsed="0.853782"/>
</kw>
<status status="PASS" start="2024-10-11T19:31:05.015392" elapsed="0.856270"/>
</kw>
<kw name="Element Should Be Enable [Arguments] ${CONTINUE_ON_THIS_BROWSER_CLASS}" owner="CommonPO" source_name="Element Should Be Enable [Arguments] ${locator}">
<kw name="Wait Until Element Is Enabled" owner="SeleniumLibrary">
<arg>${locator}</arg>
<doc>Waits until the element ``locator`` is enabled.</doc>
<status status="PASS" start="2024-10-11T19:31:05.871662" elapsed="0.101719"/>
</kw>
<status status="PASS" start="2024-10-11T19:31:05.871662" elapsed="0.101719"/>
</kw>
<kw name="Click Element [Arguments] ${CONTINUE_ON_THIS_BROWSER_CLASS}" owner="CommonPO" source_name="Click Element [Arguments] ${element}">
<kw name="Click Element" owner="SeleniumLibrary">
<msg time="2024-10-11T19:31:05.973910" level="INFO">Clicking element 'xpath=//div[@class='call_options round-10']'.</msg>
<arg>${element}</arg>
<doc>Click the element identified by ``locator``.</doc>
<status status="PASS" start="2024-10-11T19:31:05.973910" elapsed="8.979611"/>
</kw>
<status status="PASS" start="2024-10-11T19:31:05.973381" elapsed="8.980140"/>
</kw>
<kw name="Element Should Be Enable [Arguments] ${CHAT_BUTTON}" owner="CommonPO" source_name="Element Should Be Enable [Arguments] ${locator}">
<kw name="Wait Until Element Is Enabled" owner="SeleniumLibrary">
<arg>${locator}</arg>
<doc>Waits until the element ``locator`` is enabled.</doc>
<status status="PASS" start="2024-10-11T19:31:14.954998" elapsed="0.081178"/>
</kw>
<status status="PASS" start="2024-10-11T19:31:14.953521" elapsed="0.082655"/>
</kw>
<kw name="Click Element [Arguments] ${CHAT_BUTTON}" owner="CommonPO" source_name="Click Element [Arguments] ${element}">
<kw name="Click Element" owner="SeleniumLibrary">
<msg time="2024-10-11T19:31:15.038190" level="INFO">Clicking element 'xpath=//button[@data-chatroom]'.</msg>
<arg>${element}</arg>
<doc>Click the element identified by ``locator``.</doc>
<status status="PASS" start="2024-10-11T19:31:15.037192" elapsed="0.151200"/>
</kw>
<status status="PASS" start="2024-10-11T19:31:15.036176" elapsed="0.152216"/>
</kw>
<kw name="Sleep" owner="BuiltIn">
<msg time="2024-10-11T19:31:45.189698" level="INFO">Slept 30 seconds.</msg>
<arg>30s</arg>
<doc>Pauses the test executed for the given time.</doc>
<status status="PASS" start="2024-10-11T19:31:15.189392" elapsed="30.000306"/>
</kw>
<kw name="Input Text [Arguments] ${INPUT_TEXT_FIELD} ${MESSAGE}" owner="CommonPO" source_name="Input Text [Arguments] ${element} ${value}">
<kw name="Input Text" owner="SeleniumLibrary">
<msg time="2024-10-11T19:31:45.190895" level="INFO">Typing text 'Hello !!' into text field 'xpath=//input[@type='textarea']'.</msg>
<arg>${element}</arg>
<arg>${value}</arg>
<doc>Types the given ``text`` into the text field identified by ``locator``.</doc>
<status status="PASS" start="2024-10-11T19:31:45.189698" elapsed="0.168366"/>
</kw>
<status status="PASS" start="2024-10-11T19:31:45.189698" elapsed="0.170364"/>
</kw>
<kw name="Press Key [Arguments] ${INPUT_TEXT_FIELD} ENTER" owner="CommonPO" source_name="Press Key [Arguments] ${locator} ${Key}">
<kw name="Press Keys" owner="SeleniumLibrary">
<msg time="2024-10-11T19:31:45.362411" level="INFO">Sending key(s) ('ENTER',) to xpath=//input[@type='textarea'] element.</msg>
<msg time="2024-10-11T19:31:45.680740" level="INFO">Pressing special key ENTER to element.</msg>
<msg time="2024-10-11T19:31:45.680740" level="INFO">Releasing special key ENTER.</msg>
<arg>${locator}</arg>
<arg>${Key}</arg>
<doc>Simulates the user pressing key(s) to an element or on the active browser.</doc>
<status status="PASS" start="2024-10-11T19:31:45.361397" elapsed="0.346125"/>
</kw>
<status status="PASS" start="2024-10-11T19:31:45.360062" elapsed="0.348483"/>
</kw>
<status status="PASS" start="2024-10-11T19:30:55.674584" elapsed="50.033961"/>
</kw>
<status status="PASS" start="2024-10-11T19:30:55.674584" elapsed="50.033961"/>
</test>
<test id="s1-t3" name="VERIFY MESSAGE" line="15">
<kw name=" Verify Message" owner="MeetingRoomBPO">
<kw name="Element Should Be Visible [Arguments] ${MESSAGE_RECEIVED_LOCATOR} 60" owner="CommonPO" source_name="Element Should Be Visible [Arguments] ${locator} ${timeout}">
<kw name="Wait Until Element Is Visible" owner="SeleniumLibrary">
<arg>${locator}</arg>
<arg>${timeout}</arg>
<doc>Waits until the element ``locator`` is visible.</doc>
<status status="PASS" start="2024-10-11T19:31:45.712671" elapsed="0.036580"/>
</kw>
<status status="PASS" start="2024-10-11T19:31:45.712671" elapsed="0.037089"/>
</kw>
<kw name="Get Text From Element [Arguments] ${MESSAGE_RECEIVED_LOCATOR}" owner="CommonPO" source_name="Get Text From Element [Arguments] ${locator}">
<kw name="Get Text" owner="SeleniumLibrary">
<msg time="2024-10-11T19:31:45.784266" level="INFO">${text} = Hello !!</msg>
<var>${text}</var>
<arg>${locator}</arg>
<doc>Returns the text value of the element identified by ``locator``.</doc>
<status status="PASS" start="2024-10-11T19:31:45.749760" elapsed="0.034506"/>
</kw>
<kw name="Return From Keyword" owner="BuiltIn">
<msg time="2024-10-11T19:31:45.785280" level="INFO">Returning from the enclosing user keyword.</msg>
<arg>${text}</arg>
<doc>Returns from the enclosing user keyword.</doc>
<status status="PASS" start="2024-10-11T19:31:45.785280" elapsed="0.000000"/>
</kw>
<msg time="2024-10-11T19:31:45.785280" level="INFO">${actual-message} = Hello !!</msg>
<var>${actual-message}</var>
<status status="PASS" start="2024-10-11T19:31:45.749760" elapsed="0.035520"/>
</kw>
<kw name="Should Be Equal" owner="BuiltIn">
<arg>${actual-message}</arg>
<arg>${MESSAGE}</arg>
<doc>Fails if the given objects are unequal.</doc>
<status status="PASS" start="2024-10-11T19:31:45.785280" elapsed="0.000000"/>
</kw>
<status status="PASS" start="2024-10-11T19:31:45.712009" elapsed="0.073271"/>
</kw>
<status status="PASS" start="2024-10-11T19:31:45.710783" elapsed="0.075489"/>
</test>
<status status="FAIL" start="2024-10-11T19:30:51.755545" elapsed="54.031731"/>
</suite>
<statistics>
<total>
<stat pass="2" fail="1" skip="0">All Tests</stat>
</total>
<tag>
</tag>
<suite>
<stat pass="2" fail="1" skip="0" id="s1" name="TC1">TC1</stat>
</suite>
</statistics>
<errors>
</errors>
</robot>
